<?xml version="1.0" encoding="UTF-8"?>
<!-- Generated by org.testng.reporters.JUnitXMLReporter -->
<testsuite ignored="0" hostname="LAPTOP-GG5LC0BQ" failures="0" tests="3" name="Default test" time="0.588" errors="0" timestamp="2021-05-15T10:14:31 IST">
  <testcase classname="QualityKioskTraining.CalculatorAPICICDDemo.AdditionTestCases" name="testAdditionWithPositiveNumber" time="0.064"/>
  <testcase classname="QualityKioskTraining.CalculatorAPICICDDemo.AdditionTestCases" name="testAdditionWithBothNegativeNumber" time="0.005"/>
  <testcase classname="QualityKioskTraining.CalculatorAPICICDDemo.AdditionTestCases" name="testAdditionWithOneNegativeNumber" time="0.015"/>
</testsuite> <!-- Default test -->
