<?xml version="1.0" encoding="UTF-8"?>
<!-- Generated by org.testng.reporters.JUnitXMLReporter -->
<testsuite ignored="0" hostname="LAPTOP-GG5LC0BQ" failures="0" tests="2" name="Default test" time="0.82" errors="0" timestamp="2021-05-15T11:37:56 IST">
  <testcase classname="QualityKioskTraining.CalculatorAPICICDDemo.SubtractionTestCases" name="testSubtractionWithBothNegativeNumber" time="0.13"/>
  <testcase classname="QualityKioskTraining.CalculatorAPICICDDemo.SubtractionTestCases" name="testSubtractionWithPositiveNumber" time="0.004"/>
</testsuite> <!-- Default test -->
