<?xml version="1.0" encoding="UTF-8"?>
<testng-results ignored="0" total="2" passed="2" failed="0" skipped="0">
  <reporter-output>
  </reporter-output>
  <suite started-at="2021-05-15T11:37:55 IST" name="Default suite" finished-at="2021-05-15T11:37:56 IST" duration-ms="820">
    <groups>
    </groups>
    <test started-at="2021-05-15T11:37:55 IST" name="Default test" finished-at="2021-05-15T11:37:56 IST" duration-ms="820">
      <class name="QualityKioskTraining.CalculatorAPICICDDemo.SubtractionTestCases">
        <test-method is-config="true" signature="init()[pri:0, instance:QualityKioskTraining.CalculatorAPICICDDemo.SubtractionTestCases@51dcb805]" started-at="2021-05-15T11:37:56 IST" name="init" finished-at="2021-05-15T11:37:56 IST" duration-ms="78" status="PASS">
          <reporter-output>
          </reporter-output>
        </test-method> <!-- init -->
        <test-method signature="testSubtractionWithBothNegativeNumber()[pri:0, instance:QualityKioskTraining.CalculatorAPICICDDemo.SubtractionTestCases@51dcb805]" started-at="2021-05-15T11:37:56 IST" name="testSubtractionWithBothNegativeNumber" finished-at="2021-05-15T11:37:56 IST" duration-ms="130" status="PASS">
          <reporter-output>
          </reporter-output>
        </test-method> <!-- testSubtractionWithBothNegativeNumber -->
        <test-method signature="testSubtractionWithPositiveNumber()[pri:0, instance:QualityKioskTraining.CalculatorAPICICDDemo.SubtractionTestCases@51dcb805]" started-at="2021-05-15T11:37:56 IST" name="testSubtractionWithPositiveNumber" finished-at="2021-05-15T11:37:56 IST" duration-ms="4" status="PASS">
          <reporter-output>
          </reporter-output>
        </test-method> <!-- testSubtractionWithPositiveNumber -->
      </class> <!-- QualityKioskTraining.CalculatorAPICICDDemo.SubtractionTestCases -->
    </test> <!-- Default test -->
  </suite> <!-- Default suite -->
</testng-results>
